  Building Custom Rule C:/Users/sinper0079/Documents/RenderProject/SPGameEngine/src/core/CMakeLists.txt
  cmake_pch.cxx
  sge_core-config.cpp
  LinearAllocator.cpp
  AppBase.cpp
  ConsoleApp.cpp
  Error.cpp
  UnitTest.cpp
  Directory.cpp
  File.cpp
  FilePath.cpp
  FileStream.cpp
  MemMapFile.cpp
  Log.cpp
  NativeUI.cpp
  NativeUIApp_Base.cpp
  NativeUIWindow_Base.cpp
  NativeUIApp_Win32.cpp
  NativeUIWindow_Win32.cpp
  Win32Util.cpp
  Poll.cpp
  SockAddr.cpp
  Socket.cpp
  Generating Code...
  Compiling...
  JsonUtil.cpp
  Lexer.cpp
  String.cpp
  Generating Code...
  sge_core-config.cpp
  sge_core.vcxproj -> C:\Users\sinper0079\Documents\RenderProject\SPGameEngine\build\SimpleGameEngine-x64-windows\src\core\Debug\sge_core.lib
